{"/Users/dead/VisualStudioCodeProjects/db-coursework/front/src/service/data.service.ts": {"path":"/Users/dead/VisualStudioCodeProjects/db-coursework/front/src/service/data.service.ts","all":false,"statementMap":{"0":{"start":{"line":1,"column":0},"end":{"line":1,"column":26}},"1":{"start":{"line":2,"column":0},"end":{"line":2,"column":0}},"2":{"start":{"line":3,"column":0},"end":{"line":3,"column":46}},"3":{"start":{"line":4,"column":0},"end":{"line":4,"column":0}},"4":{"start":{"line":5,"column":0},"end":{"line":5,"column":34}},"5":{"start":{"line":6,"column":0},"end":{"line":6,"column":7}},"6":{"start":{"line":7,"column":0},"end":{"line":7,"column":61}},"7":{"start":{"line":8,"column":0},"end":{"line":8,"column":25}},"8":{"start":{"line":9,"column":0},"end":{"line":9,"column":19}},"9":{"start":{"line":10,"column":0},"end":{"line":10,"column":16}},"10":{"start":{"line":11,"column":0},"end":{"line":11,"column":3}},"11":{"start":{"line":12,"column":0},"end":{"line":12,"column":1}},"12":{"start":{"line":13,"column":0},"end":{"line":13,"column":0}},"13":{"start":{"line":14,"column":0},"end":{"line":14,"column":49}},"14":{"start":{"line":15,"column":0},"end":{"line":15,"column":7}},"15":{"start":{"line":16,"column":0},"end":{"line":16,"column":17}},"16":{"start":{"line":17,"column":0},"end":{"line":17,"column":13}},"17":{"start":{"line":18,"column":0},"end":{"line":18,"column":5}},"18":{"start":{"line":19,"column":0},"end":{"line":19,"column":70}},"19":{"start":{"line":20,"column":0},"end":{"line":20,"column":25}},"20":{"start":{"line":21,"column":0},"end":{"line":21,"column":19}},"21":{"start":{"line":22,"column":0},"end":{"line":22,"column":16}},"22":{"start":{"line":23,"column":0},"end":{"line":23,"column":3}},"23":{"start":{"line":24,"column":0},"end":{"line":24,"column":2}},"24":{"start":{"line":25,"column":0},"end":{"line":25,"column":0}},"25":{"start":{"line":26,"column":0},"end":{"line":26,"column":54}},"26":{"start":{"line":27,"column":0},"end":{"line":27,"column":15}},"27":{"start":{"line":28,"column":0},"end":{"line":28,"column":11}},"28":{"start":{"line":29,"column":0},"end":{"line":29,"column":3}},"29":{"start":{"line":30,"column":0},"end":{"line":30,"column":57}},"30":{"start":{"line":31,"column":0},"end":{"line":31,"column":2}},"31":{"start":{"line":32,"column":0},"end":{"line":32,"column":0}},"32":{"start":{"line":33,"column":0},"end":{"line":33,"column":59}},"33":{"start":{"line":34,"column":0},"end":{"line":34,"column":7}},"34":{"start":{"line":35,"column":0},"end":{"line":35,"column":17}},"35":{"start":{"line":36,"column":0},"end":{"line":36,"column":13}},"36":{"start":{"line":37,"column":0},"end":{"line":37,"column":5}},"37":{"start":{"line":38,"column":0},"end":{"line":38,"column":81}},"38":{"start":{"line":39,"column":0},"end":{"line":39,"column":25}},"39":{"start":{"line":40,"column":0},"end":{"line":40,"column":19}},"40":{"start":{"line":41,"column":0},"end":{"line":41,"column":16}},"41":{"start":{"line":42,"column":0},"end":{"line":42,"column":3}},"42":{"start":{"line":43,"column":0},"end":{"line":43,"column":2}},"43":{"start":{"line":44,"column":0},"end":{"line":44,"column":0}},"44":{"start":{"line":45,"column":0},"end":{"line":45,"column":40}},"45":{"start":{"line":46,"column":0},"end":{"line":46,"column":7}},"46":{"start":{"line":47,"column":0},"end":{"line":47,"column":61}},"47":{"start":{"line":48,"column":0},"end":{"line":48,"column":25}},"48":{"start":{"line":49,"column":0},"end":{"line":49,"column":19}},"49":{"start":{"line":50,"column":0},"end":{"line":50,"column":16}},"50":{"start":{"line":51,"column":0},"end":{"line":51,"column":3}},"51":{"start":{"line":52,"column":0},"end":{"line":52,"column":2}},"52":{"start":{"line":53,"column":0},"end":{"line":53,"column":0}},"53":{"start":{"line":54,"column":0},"end":{"line":54,"column":54}},"54":{"start":{"line":55,"column":0},"end":{"line":55,"column":7}},"55":{"start":{"line":56,"column":0},"end":{"line":56,"column":17}},"56":{"start":{"line":57,"column":0},"end":{"line":57,"column":13}},"57":{"start":{"line":58,"column":0},"end":{"line":58,"column":5}},"58":{"start":{"line":59,"column":0},"end":{"line":59,"column":76}},"59":{"start":{"line":60,"column":0},"end":{"line":60,"column":25}},"60":{"start":{"line":61,"column":0},"end":{"line":61,"column":19}},"61":{"start":{"line":62,"column":0},"end":{"line":62,"column":16}},"62":{"start":{"line":63,"column":0},"end":{"line":63,"column":3}},"63":{"start":{"line":64,"column":0},"end":{"line":64,"column":2}},"64":{"start":{"line":65,"column":0},"end":{"line":65,"column":0}},"65":{"start":{"line":66,"column":0},"end":{"line":66,"column":38}},"66":{"start":{"line":67,"column":0},"end":{"line":67,"column":15}},"67":{"start":{"line":68,"column":0},"end":{"line":68,"column":20}},"68":{"start":{"line":69,"column":0},"end":{"line":69,"column":11}},"69":{"start":{"line":70,"column":0},"end":{"line":70,"column":14}},"70":{"start":{"line":71,"column":0},"end":{"line":71,"column":10}},"71":{"start":{"line":72,"column":0},"end":{"line":72,"column":6}},"72":{"start":{"line":73,"column":0},"end":{"line":73,"column":34}},"73":{"start":{"line":74,"column":0},"end":{"line":74,"column":30}},"74":{"start":{"line":75,"column":0},"end":{"line":75,"column":32}},"75":{"start":{"line":76,"column":0},"end":{"line":76,"column":48}},"76":{"start":{"line":77,"column":0},"end":{"line":77,"column":36}},"77":{"start":{"line":78,"column":0},"end":{"line":78,"column":30}},"78":{"start":{"line":79,"column":0},"end":{"line":79,"column":0}},"79":{"start":{"line":80,"column":0},"end":{"line":80,"column":76}},"80":{"start":{"line":81,"column":0},"end":{"line":81,"column":14}},"81":{"start":{"line":82,"column":0},"end":{"line":82,"column":43}},"82":{"start":{"line":83,"column":0},"end":{"line":83,"column":5}},"83":{"start":{"line":84,"column":0},"end":{"line":84,"column":5}},"84":{"start":{"line":85,"column":0},"end":{"line":85,"column":29}},"85":{"start":{"line":86,"column":0},"end":{"line":86,"column":23}},"86":{"start":{"line":87,"column":0},"end":{"line":87,"column":2}},"87":{"start":{"line":88,"column":0},"end":{"line":88,"column":0}},"88":{"start":{"line":89,"column":0},"end":{"line":89,"column":33}},"89":{"start":{"line":90,"column":0},"end":{"line":90,"column":15}},"90":{"start":{"line":91,"column":0},"end":{"line":91,"column":20}},"91":{"start":{"line":92,"column":0},"end":{"line":92,"column":16}},"92":{"start":{"line":93,"column":0},"end":{"line":93,"column":11}},"93":{"start":{"line":94,"column":0},"end":{"line":94,"column":21}},"94":{"start":{"line":95,"column":0},"end":{"line":95,"column":21}},"95":{"start":{"line":96,"column":0},"end":{"line":96,"column":6}},"96":{"start":{"line":97,"column":0},"end":{"line":97,"column":7}},"97":{"start":{"line":98,"column":0},"end":{"line":98,"column":21}},"98":{"start":{"line":99,"column":0},"end":{"line":99,"column":36}},"99":{"start":{"line":100,"column":0},"end":{"line":100,"column":32}},"100":{"start":{"line":101,"column":0},"end":{"line":101,"column":34}},"101":{"start":{"line":102,"column":0},"end":{"line":102,"column":50}},"102":{"start":{"line":103,"column":0},"end":{"line":103,"column":42}},"103":{"start":{"line":104,"column":0},"end":{"line":104,"column":52}},"104":{"start":{"line":105,"column":0},"end":{"line":105,"column":48}},"105":{"start":{"line":106,"column":0},"end":{"line":106,"column":0}},"106":{"start":{"line":107,"column":0},"end":{"line":107,"column":73}},"107":{"start":{"line":108,"column":0},"end":{"line":108,"column":16}},"108":{"start":{"line":109,"column":0},"end":{"line":109,"column":45}},"109":{"start":{"line":110,"column":0},"end":{"line":110,"column":7}},"110":{"start":{"line":111,"column":0},"end":{"line":111,"column":7}},"111":{"start":{"line":112,"column":0},"end":{"line":112,"column":31}},"112":{"start":{"line":113,"column":0},"end":{"line":113,"column":25}},"113":{"start":{"line":114,"column":0},"end":{"line":114,"column":19}},"114":{"start":{"line":115,"column":0},"end":{"line":115,"column":16}},"115":{"start":{"line":116,"column":0},"end":{"line":116,"column":3}},"116":{"start":{"line":117,"column":0},"end":{"line":117,"column":2}},"117":{"start":{"line":118,"column":0},"end":{"line":118,"column":0}},"118":{"start":{"line":119,"column":0},"end":{"line":119,"column":63}},"119":{"start":{"line":120,"column":0},"end":{"line":120,"column":7}},"120":{"start":{"line":121,"column":0},"end":{"line":121,"column":17}},"121":{"start":{"line":122,"column":0},"end":{"line":122,"column":13}},"122":{"start":{"line":123,"column":0},"end":{"line":123,"column":5}},"123":{"start":{"line":124,"column":0},"end":{"line":124,"column":78}},"124":{"start":{"line":125,"column":0},"end":{"line":125,"column":25}},"125":{"start":{"line":126,"column":0},"end":{"line":126,"column":19}},"126":{"start":{"line":127,"column":0},"end":{"line":127,"column":16}},"127":{"start":{"line":128,"column":0},"end":{"line":128,"column":3}},"128":{"start":{"line":129,"column":0},"end":{"line":129,"column":2}},"129":{"start":{"line":130,"column":0},"end":{"line":130,"column":0}},"130":{"start":{"line":131,"column":0},"end":{"line":131,"column":67}},"131":{"start":{"line":132,"column":0},"end":{"line":132,"column":7}},"132":{"start":{"line":133,"column":0},"end":{"line":133,"column":23}},"133":{"start":{"line":134,"column":0},"end":{"line":134,"column":13}},"134":{"start":{"line":135,"column":0},"end":{"line":135,"column":5}},"135":{"start":{"line":136,"column":0},"end":{"line":136,"column":87}},"136":{"start":{"line":137,"column":0},"end":{"line":137,"column":25}},"137":{"start":{"line":138,"column":0},"end":{"line":138,"column":19}},"138":{"start":{"line":139,"column":0},"end":{"line":139,"column":16}},"139":{"start":{"line":140,"column":0},"end":{"line":140,"column":3}},"140":{"start":{"line":141,"column":0},"end":{"line":141,"column":2}},"141":{"start":{"line":142,"column":0},"end":{"line":142,"column":0}},"142":{"start":{"line":143,"column":0},"end":{"line":143,"column":57}},"143":{"start":{"line":144,"column":0},"end":{"line":144,"column":7}},"144":{"start":{"line":145,"column":0},"end":{"line":145,"column":18}},"145":{"start":{"line":146,"column":0},"end":{"line":146,"column":13}},"146":{"start":{"line":147,"column":0},"end":{"line":147,"column":5}},"147":{"start":{"line":148,"column":0},"end":{"line":148,"column":77}},"148":{"start":{"line":149,"column":0},"end":{"line":149,"column":25}},"149":{"start":{"line":150,"column":0},"end":{"line":150,"column":19}},"150":{"start":{"line":151,"column":0},"end":{"line":151,"column":16}},"151":{"start":{"line":152,"column":0},"end":{"line":152,"column":3}},"152":{"start":{"line":153,"column":0},"end":{"line":153,"column":2}},"153":{"start":{"line":154,"column":0},"end":{"line":154,"column":0}},"154":{"start":{"line":155,"column":0},"end":{"line":155,"column":34}},"155":{"start":{"line":156,"column":0},"end":{"line":156,"column":23}},"156":{"start":{"line":157,"column":0},"end":{"line":157,"column":25}},"157":{"start":{"line":158,"column":0},"end":{"line":158,"column":19}},"158":{"start":{"line":159,"column":0},"end":{"line":159,"column":6}},"159":{"start":{"line":160,"column":0},"end":{"line":160,"column":7}},"160":{"start":{"line":161,"column":0},"end":{"line":161,"column":70}},"161":{"start":{"line":162,"column":0},"end":{"line":162,"column":19}},"162":{"start":{"line":163,"column":0},"end":{"line":163,"column":21}},"163":{"start":{"line":164,"column":0},"end":{"line":164,"column":14}},"164":{"start":{"line":165,"column":0},"end":{"line":165,"column":7}},"165":{"start":{"line":166,"column":0},"end":{"line":166,"column":25}},"166":{"start":{"line":167,"column":0},"end":{"line":167,"column":19}},"167":{"start":{"line":168,"column":0},"end":{"line":168,"column":16}},"168":{"start":{"line":169,"column":0},"end":{"line":169,"column":3}},"169":{"start":{"line":170,"column":0},"end":{"line":170,"column":2}},"170":{"start":{"line":171,"column":0},"end":{"line":171,"column":0}},"171":{"start":{"line":172,"column":0},"end":{"line":172,"column":52}},"172":{"start":{"line":173,"column":0},"end":{"line":173,"column":7}},"173":{"start":{"line":174,"column":0},"end":{"line":174,"column":17}},"174":{"start":{"line":175,"column":0},"end":{"line":175,"column":13}},"175":{"start":{"line":176,"column":0},"end":{"line":176,"column":5}},"176":{"start":{"line":177,"column":0},"end":{"line":177,"column":78}},"177":{"start":{"line":178,"column":0},"end":{"line":178,"column":25}},"178":{"start":{"line":179,"column":0},"end":{"line":179,"column":19}},"179":{"start":{"line":180,"column":0},"end":{"line":180,"column":16}},"180":{"start":{"line":181,"column":0},"end":{"line":181,"column":3}},"181":{"start":{"line":182,"column":0},"end":{"line":182,"column":2}},"182":{"start":{"line":183,"column":0},"end":{"line":183,"column":0}},"183":{"start":{"line":184,"column":0},"end":{"line":184,"column":78}},"184":{"start":{"line":185,"column":0},"end":{"line":185,"column":7}},"185":{"start":{"line":186,"column":0},"end":{"line":186,"column":84}},"186":{"start":{"line":187,"column":0},"end":{"line":187,"column":9}},"187":{"start":{"line":188,"column":0},"end":{"line":188,"column":19}},"188":{"start":{"line":189,"column":0},"end":{"line":189,"column":7}},"189":{"start":{"line":190,"column":0},"end":{"line":190,"column":25}},"190":{"start":{"line":191,"column":0},"end":{"line":191,"column":19}},"191":{"start":{"line":192,"column":0},"end":{"line":192,"column":16}},"192":{"start":{"line":193,"column":0},"end":{"line":193,"column":3}},"193":{"start":{"line":194,"column":0},"end":{"line":194,"column":2}},"194":{"start":{"line":195,"column":0},"end":{"line":195,"column":0}},"195":{"start":{"line":196,"column":0},"end":{"line":196,"column":89}},"196":{"start":{"line":197,"column":0},"end":{"line":197,"column":7}},"197":{"start":{"line":198,"column":0},"end":{"line":198,"column":76}},"198":{"start":{"line":199,"column":0},"end":{"line":199,"column":13}},"199":{"start":{"line":200,"column":0},"end":{"line":200,"column":17}},"200":{"start":{"line":201,"column":0},"end":{"line":201,"column":7}},"201":{"start":{"line":202,"column":0},"end":{"line":202,"column":25}},"202":{"start":{"line":203,"column":0},"end":{"line":203,"column":19}},"203":{"start":{"line":204,"column":0},"end":{"line":204,"column":16}},"204":{"start":{"line":205,"column":0},"end":{"line":205,"column":3}},"205":{"start":{"line":206,"column":0},"end":{"line":206,"column":2}},"206":{"start":{"line":207,"column":0},"end":{"line":207,"column":0}},"207":{"start":{"line":208,"column":0},"end":{"line":208,"column":33}},"208":{"start":{"line":209,"column":0},"end":{"line":209,"column":21}},"209":{"start":{"line":210,"column":0},"end":{"line":210,"column":22}},"210":{"start":{"line":211,"column":0},"end":{"line":211,"column":17}},"211":{"start":{"line":212,"column":0},"end":{"line":212,"column":17}},"212":{"start":{"line":213,"column":0},"end":{"line":213,"column":6}},"213":{"start":{"line":214,"column":0},"end":{"line":214,"column":7}},"214":{"start":{"line":215,"column":0},"end":{"line":215,"column":71}},"215":{"start":{"line":216,"column":0},"end":{"line":216,"column":17}},"216":{"start":{"line":217,"column":0},"end":{"line":217,"column":18}},"217":{"start":{"line":218,"column":0},"end":{"line":218,"column":13}},"218":{"start":{"line":219,"column":0},"end":{"line":219,"column":13}},"219":{"start":{"line":220,"column":0},"end":{"line":220,"column":7}},"220":{"start":{"line":221,"column":0},"end":{"line":221,"column":25}},"221":{"start":{"line":222,"column":0},"end":{"line":222,"column":19}},"222":{"start":{"line":223,"column":0},"end":{"line":223,"column":16}},"223":{"start":{"line":224,"column":0},"end":{"line":224,"column":3}},"224":{"start":{"line":225,"column":0},"end":{"line":225,"column":2}},"225":{"start":{"line":226,"column":0},"end":{"line":226,"column":0}},"226":{"start":{"line":227,"column":0},"end":{"line":227,"column":75}},"227":{"start":{"line":228,"column":0},"end":{"line":228,"column":7}},"228":{"start":{"line":229,"column":0},"end":{"line":229,"column":71}},"229":{"start":{"line":230,"column":0},"end":{"line":230,"column":9}},"230":{"start":{"line":231,"column":0},"end":{"line":231,"column":19}},"231":{"start":{"line":232,"column":0},"end":{"line":232,"column":7}},"232":{"start":{"line":233,"column":0},"end":{"line":233,"column":25}},"233":{"start":{"line":234,"column":0},"end":{"line":234,"column":19}},"234":{"start":{"line":235,"column":0},"end":{"line":235,"column":16}},"235":{"start":{"line":236,"column":0},"end":{"line":236,"column":3}},"236":{"start":{"line":237,"column":0},"end":{"line":237,"column":2}},"237":{"start":{"line":238,"column":0},"end":{"line":238,"column":0}},"238":{"start":{"line":239,"column":0},"end":{"line":239,"column":50}},"239":{"start":{"line":240,"column":0},"end":{"line":240,"column":7}},"240":{"start":{"line":241,"column":0},"end":{"line":241,"column":17}},"241":{"start":{"line":242,"column":0},"end":{"line":242,"column":13}},"242":{"start":{"line":243,"column":0},"end":{"line":243,"column":5}},"243":{"start":{"line":244,"column":0},"end":{"line":244,"column":76}},"244":{"start":{"line":245,"column":0},"end":{"line":245,"column":25}},"245":{"start":{"line":246,"column":0},"end":{"line":246,"column":19}},"246":{"start":{"line":247,"column":0},"end":{"line":247,"column":16}},"247":{"start":{"line":248,"column":0},"end":{"line":248,"column":3}},"248":{"start":{"line":249,"column":0},"end":{"line":249,"column":2}},"249":{"start":{"line":250,"column":0},"end":{"line":250,"column":0}},"250":{"start":{"line":251,"column":0},"end":{"line":251,"column":55}},"251":{"start":{"line":252,"column":0},"end":{"line":252,"column":7}},"252":{"start":{"line":253,"column":0},"end":{"line":253,"column":17}},"253":{"start":{"line":254,"column":0},"end":{"line":254,"column":13}},"254":{"start":{"line":255,"column":0},"end":{"line":255,"column":5}},"255":{"start":{"line":256,"column":0},"end":{"line":256,"column":90}},"256":{"start":{"line":257,"column":0},"end":{"line":257,"column":25}},"257":{"start":{"line":258,"column":0},"end":{"line":258,"column":19}},"258":{"start":{"line":259,"column":0},"end":{"line":259,"column":16}},"259":{"start":{"line":260,"column":0},"end":{"line":260,"column":3}},"260":{"start":{"line":261,"column":0},"end":{"line":261,"column":2}}},"s":{"0":1,"1":1,"2":1,"3":1,"4":2,"5":2,"6":2,"7":1,"8":1,"9":1,"10":1,"11":2,"12":1,"13":1,"14":3,"15":3,"16":1,"17":1,"18":2,"19":1,"20":1,"21":1,"22":1,"23":3,"24":1,"25":1,"26":2,"27":1,"28":1,"29":1,"30":1,"31":1,"32":1,"33":3,"34":3,"35":1,"36":1,"37":2,"38":1,"39":1,"40":1,"41":1,"42":3,"43":1,"44":1,"45":2,"46":2,"47":1,"48":1,"49":1,"50":1,"51":2,"52":1,"53":1,"54":3,"55":3,"56":1,"57":1,"58":2,"59":1,"60":1,"61":1,"62":1,"63":3,"64":1,"65":1,"66":2,"67":2,"68":2,"69":2,"70":2,"71":2,"72":2,"73":2,"74":2,"75":2,"76":2,"77":2,"78":2,"79":2,"80":2,"81":2,"82":2,"83":2,"84":1,"85":1,"86":1,"87":1,"88":1,"89":2,"90":2,"91":2,"92":2,"93":2,"94":2,"95":2,"96":2,"97":2,"98":2,"99":2,"100":2,"101":2,"102":2,"103":2,"104":2,"105":2,"106":2,"107":2,"108":2,"109":2,"110":2,"111":1,"112":1,"113":1,"114":1,"115":1,"116":2,"117":1,"118":1,"119":3,"120":3,"121":1,"122":1,"123":2,"124":1,"125":1,"126":1,"127":1,"128":3,"129":1,"130":1,"131":3,"132":3,"133":1,"134":1,"135":2,"136":1,"137":1,"138":1,"139":1,"140":3,"141":1,"142":1,"143":3,"144":3,"145":1,"146":1,"147":2,"148":1,"149":1,"150":1,"151":1,"152":3,"153":1,"154":1,"155":2,"156":2,"157":2,"158":2,"159":2,"160":2,"161":2,"162":2,"163":2,"164":2,"165":1,"166":1,"167":1,"168":1,"169":2,"170":1,"171":1,"172":3,"173":3,"174":1,"175":1,"176":2,"177":1,"178":1,"179":1,"180":1,"181":3,"182":1,"183":1,"184":2,"185":2,"186":2,"187":2,"188":2,"189":1,"190":1,"191":1,"192":1,"193":2,"194":1,"195":1,"196":2,"197":2,"198":2,"199":2,"200":2,"201":1,"202":1,"203":1,"204":1,"205":2,"206":1,"207":1,"208":2,"209":2,"210":2,"211":2,"212":2,"213":2,"214":2,"215":2,"216":2,"217":2,"218":2,"219":2,"220":1,"221":1,"222":1,"223":1,"224":2,"225":1,"226":1,"227":2,"228":2,"229":2,"230":2,"231":2,"232":1,"233":1,"234":1,"235":1,"236":2,"237":1,"238":1,"239":3,"240":3,"241":1,"242":1,"243":2,"244":1,"245":1,"246":1,"247":1,"248":3,"249":1,"250":1,"251":3,"252":3,"253":1,"254":1,"255":2,"256":1,"257":1,"258":1,"259":1,"260":3},"branchMap":{"0":{"type":"branch","line":5,"loc":{"start":{"line":5,"column":0},"end":{"line":12,"column":1}},"locations":[{"start":{"line":5,"column":0},"end":{"line":12,"column":1}}]},"1":{"type":"branch","line":8,"loc":{"start":{"line":8,"column":-1},"end":{"line":11,"column":3}},"locations":[{"start":{"line":8,"column":-1},"end":{"line":11,"column":3}}]},"2":{"type":"branch","line":14,"loc":{"start":{"line":14,"column":23},"end":{"line":24,"column":2}},"locations":[{"start":{"line":14,"column":23},"end":{"line":24,"column":2}}]},"3":{"type":"branch","line":14,"loc":{"start":{"line":14,"column":47},"end":{"line":24,"column":2}},"locations":[{"start":{"line":14,"column":47},"end":{"line":24,"column":2}}]},"4":{"type":"branch","line":16,"loc":{"start":{"line":16,"column":16},"end":{"line":18,"column":5}},"locations":[{"start":{"line":16,"column":16},"end":{"line":18,"column":5}}]},"5":{"type":"branch","line":19,"loc":{"start":{"line":19,"column":-1},"end":{"line":19,"column":70}},"locations":[{"start":{"line":19,"column":-1},"end":{"line":19,"column":70}}]},"6":{"type":"branch","line":20,"loc":{"start":{"line":20,"column":-1},"end":{"line":23,"column":3}},"locations":[{"start":{"line":20,"column":-1},"end":{"line":23,"column":3}}]},"7":{"type":"branch","line":26,"loc":{"start":{"line":26,"column":28},"end":{"line":31,"column":2}},"locations":[{"start":{"line":26,"column":28},"end":{"line":31,"column":2}}]},"8":{"type":"branch","line":26,"loc":{"start":{"line":26,"column":52},"end":{"line":31,"column":2}},"locations":[{"start":{"line":26,"column":52},"end":{"line":31,"column":2}}]},"9":{"type":"branch","line":27,"loc":{"start":{"line":27,"column":14},"end":{"line":31,"column":2}},"locations":[{"start":{"line":27,"column":14},"end":{"line":31,"column":2}}]},"10":{"type":"branch","line":33,"loc":{"start":{"line":33,"column":33},"end":{"line":43,"column":2}},"locations":[{"start":{"line":33,"column":33},"end":{"line":43,"column":2}}]},"11":{"type":"branch","line":33,"loc":{"start":{"line":33,"column":57},"end":{"line":43,"column":2}},"locations":[{"start":{"line":33,"column":57},"end":{"line":43,"column":2}}]},"12":{"type":"branch","line":35,"loc":{"start":{"line":35,"column":16},"end":{"line":37,"column":5}},"locations":[{"start":{"line":35,"column":16},"end":{"line":37,"column":5}}]},"13":{"type":"branch","line":38,"loc":{"start":{"line":38,"column":-1},"end":{"line":38,"column":81}},"locations":[{"start":{"line":38,"column":-1},"end":{"line":38,"column":81}}]},"14":{"type":"branch","line":39,"loc":{"start":{"line":39,"column":-1},"end":{"line":42,"column":3}},"locations":[{"start":{"line":39,"column":-1},"end":{"line":42,"column":3}}]},"15":{"type":"branch","line":45,"loc":{"start":{"line":45,"column":27},"end":{"line":52,"column":2}},"locations":[{"start":{"line":45,"column":27},"end":{"line":52,"column":2}}]},"16":{"type":"branch","line":45,"loc":{"start":{"line":45,"column":38},"end":{"line":52,"column":2}},"locations":[{"start":{"line":45,"column":38},"end":{"line":52,"column":2}}]},"17":{"type":"branch","line":48,"loc":{"start":{"line":48,"column":-1},"end":{"line":51,"column":3}},"locations":[{"start":{"line":48,"column":-1},"end":{"line":51,"column":3}}]},"18":{"type":"branch","line":54,"loc":{"start":{"line":54,"column":28},"end":{"line":64,"column":2}},"locations":[{"start":{"line":54,"column":28},"end":{"line":64,"column":2}}]},"19":{"type":"branch","line":54,"loc":{"start":{"line":54,"column":52},"end":{"line":64,"column":2}},"locations":[{"start":{"line":54,"column":52},"end":{"line":64,"column":2}}]},"20":{"type":"branch","line":56,"loc":{"start":{"line":56,"column":16},"end":{"line":58,"column":5}},"locations":[{"start":{"line":56,"column":16},"end":{"line":58,"column":5}}]},"21":{"type":"branch","line":59,"loc":{"start":{"line":59,"column":-1},"end":{"line":59,"column":76}},"locations":[{"start":{"line":59,"column":-1},"end":{"line":59,"column":76}}]},"22":{"type":"branch","line":60,"loc":{"start":{"line":60,"column":-1},"end":{"line":63,"column":3}},"locations":[{"start":{"line":60,"column":-1},"end":{"line":63,"column":3}}]},"23":{"type":"branch","line":66,"loc":{"start":{"line":66,"column":31},"end":{"line":87,"column":2}},"locations":[{"start":{"line":66,"column":31},"end":{"line":87,"column":2}}]},"24":{"type":"branch","line":72,"loc":{"start":{"line":72,"column":4},"end":{"line":87,"column":2}},"locations":[{"start":{"line":72,"column":4},"end":{"line":87,"column":2}}]},"25":{"type":"branch","line":85,"loc":{"start":{"line":85,"column":-1},"end":{"line":87,"column":2}},"locations":[{"start":{"line":85,"column":-1},"end":{"line":87,"column":2}}]},"26":{"type":"branch","line":89,"loc":{"start":{"line":89,"column":26},"end":{"line":117,"column":2}},"locations":[{"start":{"line":89,"column":26},"end":{"line":117,"column":2}}]},"27":{"type":"branch","line":96,"loc":{"start":{"line":96,"column":4},"end":{"line":117,"column":2}},"locations":[{"start":{"line":96,"column":4},"end":{"line":117,"column":2}}]},"28":{"type":"branch","line":112,"loc":{"start":{"line":112,"column":-1},"end":{"line":116,"column":3}},"locations":[{"start":{"line":112,"column":-1},"end":{"line":116,"column":3}}]},"29":{"type":"branch","line":119,"loc":{"start":{"line":119,"column":37},"end":{"line":129,"column":2}},"locations":[{"start":{"line":119,"column":37},"end":{"line":129,"column":2}}]},"30":{"type":"branch","line":119,"loc":{"start":{"line":119,"column":61},"end":{"line":129,"column":2}},"locations":[{"start":{"line":119,"column":61},"end":{"line":129,"column":2}}]},"31":{"type":"branch","line":121,"loc":{"start":{"line":121,"column":16},"end":{"line":123,"column":5}},"locations":[{"start":{"line":121,"column":16},"end":{"line":123,"column":5}}]},"32":{"type":"branch","line":124,"loc":{"start":{"line":124,"column":-1},"end":{"line":124,"column":78}},"locations":[{"start":{"line":124,"column":-1},"end":{"line":124,"column":78}}]},"33":{"type":"branch","line":125,"loc":{"start":{"line":125,"column":-1},"end":{"line":128,"column":3}},"locations":[{"start":{"line":125,"column":-1},"end":{"line":128,"column":3}}]},"34":{"type":"branch","line":131,"loc":{"start":{"line":131,"column":35},"end":{"line":141,"column":2}},"locations":[{"start":{"line":131,"column":35},"end":{"line":141,"column":2}}]},"35":{"type":"branch","line":131,"loc":{"start":{"line":131,"column":65},"end":{"line":141,"column":2}},"locations":[{"start":{"line":131,"column":65},"end":{"line":141,"column":2}}]},"36":{"type":"branch","line":133,"loc":{"start":{"line":133,"column":22},"end":{"line":135,"column":5}},"locations":[{"start":{"line":133,"column":22},"end":{"line":135,"column":5}}]},"37":{"type":"branch","line":136,"loc":{"start":{"line":136,"column":-1},"end":{"line":136,"column":87}},"locations":[{"start":{"line":136,"column":-1},"end":{"line":136,"column":87}}]},"38":{"type":"branch","line":137,"loc":{"start":{"line":137,"column":-1},"end":{"line":140,"column":3}},"locations":[{"start":{"line":137,"column":-1},"end":{"line":140,"column":3}}]},"39":{"type":"branch","line":143,"loc":{"start":{"line":143,"column":30},"end":{"line":153,"column":2}},"locations":[{"start":{"line":143,"column":30},"end":{"line":153,"column":2}}]},"40":{"type":"branch","line":143,"loc":{"start":{"line":143,"column":55},"end":{"line":153,"column":2}},"locations":[{"start":{"line":143,"column":55},"end":{"line":153,"column":2}}]},"41":{"type":"branch","line":145,"loc":{"start":{"line":145,"column":17},"end":{"line":147,"column":5}},"locations":[{"start":{"line":145,"column":17},"end":{"line":147,"column":5}}]},"42":{"type":"branch","line":148,"loc":{"start":{"line":148,"column":-1},"end":{"line":148,"column":77}},"locations":[{"start":{"line":148,"column":-1},"end":{"line":148,"column":77}}]},"43":{"type":"branch","line":149,"loc":{"start":{"line":149,"column":-1},"end":{"line":152,"column":3}},"locations":[{"start":{"line":149,"column":-1},"end":{"line":152,"column":3}}]},"44":{"type":"branch","line":155,"loc":{"start":{"line":155,"column":27},"end":{"line":170,"column":2}},"locations":[{"start":{"line":155,"column":27},"end":{"line":170,"column":2}}]},"45":{"type":"branch","line":159,"loc":{"start":{"line":159,"column":4},"end":{"line":170,"column":2}},"locations":[{"start":{"line":159,"column":4},"end":{"line":170,"column":2}}]},"46":{"type":"branch","line":166,"loc":{"start":{"line":166,"column":-1},"end":{"line":169,"column":3}},"locations":[{"start":{"line":166,"column":-1},"end":{"line":169,"column":3}}]},"47":{"type":"branch","line":172,"loc":{"start":{"line":172,"column":26},"end":{"line":182,"column":2}},"locations":[{"start":{"line":172,"column":26},"end":{"line":182,"column":2}}]},"48":{"type":"branch","line":172,"loc":{"start":{"line":172,"column":50},"end":{"line":182,"column":2}},"locations":[{"start":{"line":172,"column":50},"end":{"line":182,"column":2}}]},"49":{"type":"branch","line":174,"loc":{"start":{"line":174,"column":16},"end":{"line":176,"column":5}},"locations":[{"start":{"line":174,"column":16},"end":{"line":176,"column":5}}]},"50":{"type":"branch","line":177,"loc":{"start":{"line":177,"column":-1},"end":{"line":177,"column":78}},"locations":[{"start":{"line":177,"column":-1},"end":{"line":177,"column":78}}]},"51":{"type":"branch","line":178,"loc":{"start":{"line":178,"column":-1},"end":{"line":181,"column":3}},"locations":[{"start":{"line":178,"column":-1},"end":{"line":181,"column":3}}]},"52":{"type":"branch","line":184,"loc":{"start":{"line":184,"column":35},"end":{"line":194,"column":2}},"locations":[{"start":{"line":184,"column":35},"end":{"line":194,"column":2}}]},"53":{"type":"branch","line":184,"loc":{"start":{"line":184,"column":76},"end":{"line":194,"column":2}},"locations":[{"start":{"line":184,"column":76},"end":{"line":194,"column":2}}]},"54":{"type":"branch","line":190,"loc":{"start":{"line":190,"column":-1},"end":{"line":193,"column":3}},"locations":[{"start":{"line":190,"column":-1},"end":{"line":193,"column":3}}]},"55":{"type":"branch","line":196,"loc":{"start":{"line":196,"column":41},"end":{"line":206,"column":2}},"locations":[{"start":{"line":196,"column":41},"end":{"line":206,"column":2}}]},"56":{"type":"branch","line":196,"loc":{"start":{"line":196,"column":87},"end":{"line":206,"column":2}},"locations":[{"start":{"line":196,"column":87},"end":{"line":206,"column":2}}]},"57":{"type":"branch","line":202,"loc":{"start":{"line":202,"column":-1},"end":{"line":205,"column":3}},"locations":[{"start":{"line":202,"column":-1},"end":{"line":205,"column":3}}]},"58":{"type":"branch","line":208,"loc":{"start":{"line":208,"column":26},"end":{"line":225,"column":2}},"locations":[{"start":{"line":208,"column":26},"end":{"line":225,"column":2}}]},"59":{"type":"branch","line":213,"loc":{"start":{"line":213,"column":4},"end":{"line":225,"column":2}},"locations":[{"start":{"line":213,"column":4},"end":{"line":225,"column":2}}]},"60":{"type":"branch","line":221,"loc":{"start":{"line":221,"column":-1},"end":{"line":224,"column":3}},"locations":[{"start":{"line":221,"column":-1},"end":{"line":224,"column":3}}]},"61":{"type":"branch","line":227,"loc":{"start":{"line":227,"column":32},"end":{"line":237,"column":2}},"locations":[{"start":{"line":227,"column":32},"end":{"line":237,"column":2}}]},"62":{"type":"branch","line":227,"loc":{"start":{"line":227,"column":73},"end":{"line":237,"column":2}},"locations":[{"start":{"line":227,"column":73},"end":{"line":237,"column":2}}]},"63":{"type":"branch","line":233,"loc":{"start":{"line":233,"column":-1},"end":{"line":236,"column":3}},"locations":[{"start":{"line":233,"column":-1},"end":{"line":236,"column":3}}]},"64":{"type":"branch","line":239,"loc":{"start":{"line":239,"column":24},"end":{"line":249,"column":2}},"locations":[{"start":{"line":239,"column":24},"end":{"line":249,"column":2}}]},"65":{"type":"branch","line":239,"loc":{"start":{"line":239,"column":48},"end":{"line":249,"column":2}},"locations":[{"start":{"line":239,"column":48},"end":{"line":249,"column":2}}]},"66":{"type":"branch","line":241,"loc":{"start":{"line":241,"column":16},"end":{"line":243,"column":5}},"locations":[{"start":{"line":241,"column":16},"end":{"line":243,"column":5}}]},"67":{"type":"branch","line":244,"loc":{"start":{"line":244,"column":-1},"end":{"line":244,"column":76}},"locations":[{"start":{"line":244,"column":-1},"end":{"line":244,"column":76}}]},"68":{"type":"branch","line":245,"loc":{"start":{"line":245,"column":-1},"end":{"line":248,"column":3}},"locations":[{"start":{"line":245,"column":-1},"end":{"line":248,"column":3}}]},"69":{"type":"branch","line":251,"loc":{"start":{"line":251,"column":29},"end":{"line":261,"column":2}},"locations":[{"start":{"line":251,"column":29},"end":{"line":261,"column":2}}]},"70":{"type":"branch","line":251,"loc":{"start":{"line":251,"column":53},"end":{"line":261,"column":2}},"locations":[{"start":{"line":251,"column":53},"end":{"line":261,"column":2}}]},"71":{"type":"branch","line":253,"loc":{"start":{"line":253,"column":16},"end":{"line":255,"column":5}},"locations":[{"start":{"line":253,"column":16},"end":{"line":255,"column":5}}]},"72":{"type":"branch","line":256,"loc":{"start":{"line":256,"column":-1},"end":{"line":256,"column":90}},"locations":[{"start":{"line":256,"column":-1},"end":{"line":256,"column":90}}]},"73":{"type":"branch","line":257,"loc":{"start":{"line":257,"column":-1},"end":{"line":260,"column":3}},"locations":[{"start":{"line":257,"column":-1},"end":{"line":260,"column":3}}]}},"b":{"0":[2],"1":[1],"2":[3],"3":[3],"4":[1],"5":[2],"6":[1],"7":[2],"8":[2],"9":[1],"10":[3],"11":[3],"12":[1],"13":[2],"14":[1],"15":[2],"16":[2],"17":[1],"18":[3],"19":[3],"20":[1],"21":[2],"22":[1],"23":[2],"24":[2],"25":[1],"26":[2],"27":[2],"28":[1],"29":[3],"30":[3],"31":[1],"32":[2],"33":[1],"34":[3],"35":[3],"36":[1],"37":[2],"38":[1],"39":[3],"40":[3],"41":[1],"42":[2],"43":[1],"44":[2],"45":[2],"46":[1],"47":[3],"48":[3],"49":[1],"50":[2],"51":[1],"52":[2],"53":[2],"54":[1],"55":[2],"56":[2],"57":[1],"58":[2],"59":[2],"60":[1],"61":[2],"62":[2],"63":[1],"64":[3],"65":[3],"66":[1],"67":[2],"68":[1],"69":[3],"70":[3],"71":[1],"72":[2],"73":[1]},"fnMap":{"0":{"name":"getUsers","decl":{"start":{"line":5,"column":0},"end":{"line":12,"column":1}},"loc":{"start":{"line":5,"column":0},"end":{"line":12,"column":1}},"line":5},"1":{"name":"getUser","decl":{"start":{"line":14,"column":23},"end":{"line":24,"column":2}},"loc":{"start":{"line":14,"column":23},"end":{"line":24,"column":2}},"line":14},"2":{"name":"getUserRoles","decl":{"start":{"line":26,"column":28},"end":{"line":31,"column":2}},"loc":{"start":{"line":26,"column":28},"end":{"line":31,"column":2}},"line":26},"3":{"name":"getUserCharacters","decl":{"start":{"line":33,"column":33},"end":{"line":43,"column":2}},"loc":{"start":{"line":33,"column":33},"end":{"line":43,"column":2}},"line":33},"4":{"name":"getAllGames","decl":{"start":{"line":45,"column":27},"end":{"line":52,"column":2}},"loc":{"start":{"line":45,"column":27},"end":{"line":52,"column":2}},"line":45},"5":{"name":"getUserGames","decl":{"start":{"line":54,"column":28},"end":{"line":64,"column":2}},"loc":{"start":{"line":54,"column":28},"end":{"line":64,"column":2}},"line":54},"6":{"name":"createCharacter","decl":{"start":{"line":66,"column":31},"end":{"line":87,"column":2}},"loc":{"start":{"line":66,"column":31},"end":{"line":87,"column":2}},"line":66},"7":{"name":"createGame","decl":{"start":{"line":89,"column":26},"end":{"line":117,"column":2}},"loc":{"start":{"line":89,"column":26},"end":{"line":117,"column":2}},"line":89},"8":{"name":"getFriendshipRequests","decl":{"start":{"line":119,"column":37},"end":{"line":129,"column":2}},"loc":{"start":{"line":119,"column":37},"end":{"line":129,"column":2}},"line":119},"9":{"name":"getLobbyByCharacter","decl":{"start":{"line":131,"column":35},"end":{"line":141,"column":2}},"loc":{"start":{"line":131,"column":35},"end":{"line":141,"column":2}},"line":131},"10":{"name":"getLobbyByGame","decl":{"start":{"line":143,"column":30},"end":{"line":153,"column":2}},"loc":{"start":{"line":143,"column":30},"end":{"line":153,"column":2}},"line":143},"11":{"name":"changeKarma","decl":{"start":{"line":155,"column":27},"end":{"line":170,"column":2}},"loc":{"start":{"line":155,"column":27},"end":{"line":170,"column":2}},"line":155},"12":{"name":"getReviews","decl":{"start":{"line":172,"column":26},"end":{"line":182,"column":2}},"loc":{"start":{"line":172,"column":26},"end":{"line":182,"column":2}},"line":172},"13":{"name":"changeRequestStatus","decl":{"start":{"line":184,"column":35},"end":{"line":194,"column":2}},"loc":{"start":{"line":184,"column":35},"end":{"line":194,"column":2}},"line":184},"14":{"name":"sendCharacterLobbyRequest","decl":{"start":{"line":196,"column":41},"end":{"line":206,"column":2}},"loc":{"start":{"line":196,"column":41},"end":{"line":206,"column":2}},"line":196},"15":{"name":"sendReview","decl":{"start":{"line":208,"column":26},"end":{"line":225,"column":2}},"loc":{"start":{"line":208,"column":26},"end":{"line":225,"column":2}},"line":208},"16":{"name":"changeGameStatus","decl":{"start":{"line":227,"column":32},"end":{"line":237,"column":2}},"loc":{"start":{"line":227,"column":32},"end":{"line":237,"column":2}},"line":227},"17":{"name":"getRoles","decl":{"start":{"line":239,"column":24},"end":{"line":249,"column":2}},"loc":{"start":{"line":239,"column":24},"end":{"line":249,"column":2}},"line":239},"18":{"name":"addMasterRole","decl":{"start":{"line":251,"column":29},"end":{"line":261,"column":2}},"loc":{"start":{"line":251,"column":29},"end":{"line":261,"column":2}},"line":251}},"f":{"0":2,"1":3,"2":2,"3":3,"4":2,"5":3,"6":2,"7":2,"8":3,"9":3,"10":3,"11":2,"12":3,"13":2,"14":2,"15":2,"16":2,"17":3,"18":3}}
}
