TN:
SF:src/service/data.service.ts
FN:5,getUsers
FN:14,getUser
FN:26,getUserRoles
FN:33,getUserCharacters
FN:45,getAllGames
FN:54,getUserGames
FN:66,createCharacter
FN:89,createGame
FN:119,getFriendshipRequests
FN:131,getLobbyByCharacter
FN:143,getLobbyByGame
FN:155,changeKarma
FN:172,getReviews
FN:184,changeRequestStatus
FN:196,sendCharacterLobbyRequest
FN:208,sendReview
FN:227,changeGameStatus
FN:239,getRoles
FN:251,addMasterRole
FNF:19
FNH:19
FNDA:2,getUsers
FNDA:3,getUser
FNDA:2,getUserRoles
FNDA:3,getUserCharacters
FNDA:2,getAllGames
FNDA:3,getUserGames
FNDA:2,createCharacter
FNDA:2,createGame
FNDA:3,getFriendshipRequests
FNDA:3,getLobbyByCharacter
FNDA:3,getLobbyByGame
FNDA:2,changeKarma
FNDA:3,getReviews
FNDA:2,changeRequestStatus
FNDA:2,sendCharacterLobbyRequest
FNDA:2,sendReview
FNDA:2,changeGameStatus
FNDA:3,getRoles
FNDA:3,addMasterRole
DA:1,1
DA:2,1
DA:3,1
DA:4,1
DA:5,2
DA:6,2
DA:7,2
DA:8,1
DA:9,1
DA:10,1
DA:11,1
DA:12,2
DA:13,1
DA:14,1
DA:15,3
DA:16,3
DA:17,1
DA:18,1
DA:19,2
DA:20,1
DA:21,1
DA:22,1
DA:23,1
DA:24,3
DA:25,1
DA:26,1
DA:27,2
DA:28,1
DA:29,1
DA:30,1
DA:31,1
DA:32,1
DA:33,1
DA:34,3
DA:35,3
DA:36,1
DA:37,1
DA:38,2
DA:39,1
DA:40,1
DA:41,1
DA:42,1
DA:43,3
DA:44,1
DA:45,1
DA:46,2
DA:47,2
DA:48,1
DA:49,1
DA:50,1
DA:51,1
DA:52,2
DA:53,1
DA:54,1
DA:55,3
DA:56,3
DA:57,1
DA:58,1
DA:59,2
DA:60,1
DA:61,1
DA:62,1
DA:63,1
DA:64,3
DA:65,1
DA:66,1
DA:67,2
DA:68,2
DA:69,2
DA:70,2
DA:71,2
DA:72,2
DA:73,2
DA:74,2
DA:75,2
DA:76,2
DA:77,2
DA:78,2
DA:79,2
DA:80,2
DA:81,2
DA:82,2
DA:83,2
DA:84,2
DA:85,1
DA:86,1
DA:87,1
DA:88,1
DA:89,1
DA:90,2
DA:91,2
DA:92,2
DA:93,2
DA:94,2
DA:95,2
DA:96,2
DA:97,2
DA:98,2
DA:99,2
DA:100,2
DA:101,2
DA:102,2
DA:103,2
DA:104,2
DA:105,2
DA:106,2
DA:107,2
DA:108,2
DA:109,2
DA:110,2
DA:111,2
DA:112,1
DA:113,1
DA:114,1
DA:115,1
DA:116,1
DA:117,2
DA:118,1
DA:119,1
DA:120,3
DA:121,3
DA:122,1
DA:123,1
DA:124,2
DA:125,1
DA:126,1
DA:127,1
DA:128,1
DA:129,3
DA:130,1
DA:131,1
DA:132,3
DA:133,3
DA:134,1
DA:135,1
DA:136,2
DA:137,1
DA:138,1
DA:139,1
DA:140,1
DA:141,3
DA:142,1
DA:143,1
DA:144,3
DA:145,3
DA:146,1
DA:147,1
DA:148,2
DA:149,1
DA:150,1
DA:151,1
DA:152,1
DA:153,3
DA:154,1
DA:155,1
DA:156,2
DA:157,2
DA:158,2
DA:159,2
DA:160,2
DA:161,2
DA:162,2
DA:163,2
DA:164,2
DA:165,2
DA:166,1
DA:167,1
DA:168,1
DA:169,1
DA:170,2
DA:171,1
DA:172,1
DA:173,3
DA:174,3
DA:175,1
DA:176,1
DA:177,2
DA:178,1
DA:179,1
DA:180,1
DA:181,1
DA:182,3
DA:183,1
DA:184,1
DA:185,2
DA:186,2
DA:187,2
DA:188,2
DA:189,2
DA:190,1
DA:191,1
DA:192,1
DA:193,1
DA:194,2
DA:195,1
DA:196,1
DA:197,2
DA:198,2
DA:199,2
DA:200,2
DA:201,2
DA:202,1
DA:203,1
DA:204,1
DA:205,1
DA:206,2
DA:207,1
DA:208,1
DA:209,2
DA:210,2
DA:211,2
DA:212,2
DA:213,2
DA:214,2
DA:215,2
DA:216,2
DA:217,2
DA:218,2
DA:219,2
DA:220,2
DA:221,1
DA:222,1
DA:223,1
DA:224,1
DA:225,2
DA:226,1
DA:227,1
DA:228,2
DA:229,2
DA:230,2
DA:231,2
DA:232,2
DA:233,1
DA:234,1
DA:235,1
DA:236,1
DA:237,2
DA:238,1
DA:239,1
DA:240,3
DA:241,3
DA:242,1
DA:243,1
DA:244,2
DA:245,1
DA:246,1
DA:247,1
DA:248,1
DA:249,3
DA:250,1
DA:251,1
DA:252,3
DA:253,3
DA:254,1
DA:255,1
DA:256,2
DA:257,1
DA:258,1
DA:259,1
DA:260,1
DA:261,3
LF:261
LH:261
BRDA:5,0,0,2
BRDA:8,1,0,1
BRDA:14,2,0,3
BRDA:14,3,0,3
BRDA:16,4,0,1
BRDA:19,5,0,2
BRDA:20,6,0,1
BRDA:26,7,0,2
BRDA:26,8,0,2
BRDA:27,9,0,1
BRDA:33,10,0,3
BRDA:33,11,0,3
BRDA:35,12,0,1
BRDA:38,13,0,2
BRDA:39,14,0,1
BRDA:45,15,0,2
BRDA:45,16,0,2
BRDA:48,17,0,1
BRDA:54,18,0,3
BRDA:54,19,0,3
BRDA:56,20,0,1
BRDA:59,21,0,2
BRDA:60,22,0,1
BRDA:66,23,0,2
BRDA:72,24,0,2
BRDA:85,25,0,1
BRDA:89,26,0,2
BRDA:96,27,0,2
BRDA:112,28,0,1
BRDA:119,29,0,3
BRDA:119,30,0,3
BRDA:121,31,0,1
BRDA:124,32,0,2
BRDA:125,33,0,1
BRDA:131,34,0,3
BRDA:131,35,0,3
BRDA:133,36,0,1
BRDA:136,37,0,2
BRDA:137,38,0,1
BRDA:143,39,0,3
BRDA:143,40,0,3
BRDA:145,41,0,1
BRDA:148,42,0,2
BRDA:149,43,0,1
BRDA:155,44,0,2
BRDA:159,45,0,2
BRDA:166,46,0,1
BRDA:172,47,0,3
BRDA:172,48,0,3
BRDA:174,49,0,1
BRDA:177,50,0,2
BRDA:178,51,0,1
BRDA:184,52,0,2
BRDA:184,53,0,2
BRDA:190,54,0,1
BRDA:196,55,0,2
BRDA:196,56,0,2
BRDA:202,57,0,1
BRDA:208,58,0,2
BRDA:213,59,0,2
BRDA:221,60,0,1
BRDA:227,61,0,2
BRDA:227,62,0,2
BRDA:233,63,0,1
BRDA:239,64,0,3
BRDA:239,65,0,3
BRDA:241,66,0,1
BRDA:244,67,0,2
BRDA:245,68,0,1
BRDA:251,69,0,3
BRDA:251,70,0,3
BRDA:253,71,0,1
BRDA:256,72,0,2
BRDA:257,73,0,1
BRF:74
BRH:74
end_of_record
